<?xml version="1.0" encoding="UTF-8"?>
<!-- Generated by org.testng.reporters.JUnitXMLReporter -->
<testsuite ignored="0" hostname="DESKTOP-2KBHISF" failures="0" tests="3" name="Error Validations Test" time="138.052" errors="0" timestamp="2024-08-14T13:02:41 IST">
  <testcase classname="SiddarthAcademy.Tests.ErrorValidationTest" name="loginErrorValidation" time="28.431">
    <skipped/>
  </testcase> <!-- loginErrorValidation -->
  <testcase classname="SiddarthAcademy.Tests.ErrorValidationTest" name="loginErrorValidation" time="7.464"/>
  <testcase classname="SiddarthAcademy.Tests.ErrorValidationTest" name="productErrorValidation" time="27.489"/>
</testsuite> <!-- Error Validations Test -->
